<?xml version="1.0" encoding="UTF-8"?>
<!-- Generated by org.testng.reporters.JUnitReportReporter -->
<testsuite hostname="Anjali" failures="0" tests="5" name="testCases.TC_003_LoginDDT" time="39.867" errors="0" timestamp="2023-12-07T15:24:16 GMT-05:00" skipped="0">
  <testcase classname="testCases.TC_003_LoginDDT" name="verify_loginDDT" time="11.021"/>
  <testcase classname="testCases.TC_003_LoginDDT" name="verify_loginDDT" time="3.025"/>
  <testcase classname="testCases.TC_003_LoginDDT" name="verify_loginDDT" time="11.103"/>
  <testcase classname="testCases.TC_003_LoginDDT" name="verify_loginDDT" time="3.172"/>
  <testcase classname="testCases.TC_003_LoginDDT" name="verify_loginDDT" time="11.546"/>
</testsuite> <!-- testCases.TC_003_LoginDDT -->
