<?xml version="1.0" encoding="UTF-8"?>
<!-- Generated by org.testng.reporters.JUnitReportReporter -->
<testsuite hostname="Anjali" failures="0" tests="1" name="testCases.TC_002_LoginTest" time="1.589" errors="0" timestamp="2023-12-09T16:05:54 GMT-05:00" skipped="0">
  <testcase classname="testCases.TC_002_LoginTest" name="verify_login" time="1.589"/>
</testsuite> <!-- testCases.TC_002_LoginTest -->
