<?xml version="1.0" encoding="UTF-8"?>
<!-- Generated by org.testng.reporters.JUnitReportReporter -->
<testsuite hostname="Anjali" failures="0" tests="1" name="testCases.TC_001_AccountRegistrationTest" time="5.516" errors="0" timestamp="2023-12-08T16:28:50 GMT-05:00" skipped="0">
  <testcase classname="testCases.TC_001_AccountRegistrationTest" name="verify_account_registration" time="5.516"/>
</testsuite> <!-- testCases.TC_001_AccountRegistrationTest -->
