<?xml version="1.0" encoding="UTF-8"?>
<!-- Generated by org.testng.reporters.JUnitReportReporter -->
<testsuite hostname="Anjali" failures="0" tests="1" name="testCases.TC_002_LoginTest" time="2.049" errors="0" timestamp="2023-12-08T16:28:50 GMT-05:00" skipped="0">
  <testcase classname="testCases.TC_002_LoginTest" name="verify_login" time="2.049"/>
</testsuite> <!-- testCases.TC_002_LoginTest -->
